<?xml version="1.0" encoding="UTF-8"?>
<!-- Generated by org.testng.reporters.JUnitReportReporter -->
<testsuite hostname="LAPTOP-OJ4Q9LIF" name="testingbaba_test.Radiobutton_test" tests="3" failures="0" timestamp="13 Feb 2022 09:40:01 GMT" time="0.931" errors="0">
  <testcase name="clickdetails" time="0.438" classname="testingbaba_test.Radiobutton_test"/>
  <testcase name="elements" time="0.284" classname="testingbaba_test.Radiobutton_test"/>
  <testcase name="buttondetails" time="0.209" classname="testingbaba_test.Radiobutton_test"/>
</testsuite> <!-- testingbaba_test.Radiobutton_test -->
