<?xml version="1.0" encoding="UTF-8"?>
<!-- Generated by org.testng.reporters.JUnitReportReporter -->
<testsuite hostname="LAPTOP-OJ4Q9LIF" name="testingbaba_test.Nestedframe_test" tests="3" failures="0" timestamp="22 Feb 2022 09:42:32 GMT" time="2.848" errors="0">
  <testcase name="Nestedframe" time="0.199" classname="testingbaba_test.Nestedframe_test"/>
  <testcase name="frameclick" time="2.568" classname="testingbaba_test.Nestedframe_test"/>
  <testcase name="Alertsframeclick" time="0.081" classname="testingbaba_test.Nestedframe_test"/>
</testsuite> <!-- testingbaba_test.Nestedframe_test -->
