<?xml version="1.0" encoding="UTF-8"?>
<!-- Generated by org.testng.reporters.JUnitReportReporter -->
<testsuite hostname="LAPTOP-OJ4Q9LIF" name="testingbaba_test.Webtables_test" tests="4" failures="0" timestamp="17 Feb 2022 05:40:19 GMT" time="44.226" errors="0">
  <testcase name="validation" time="40.037" classname="testingbaba_test.Webtables_test"/>
  <testcase name="webtables" time="0.155" classname="testingbaba_test.Webtables_test"/>
  <testcase name="elements" time="2.083" classname="testingbaba_test.Webtables_test"/>
  <testcase name="details" time="1.951" classname="testingbaba_test.Webtables_test"/>
</testsuite> <!-- testingbaba_test.Webtables_test -->
