<?xml version="1.0" encoding="UTF-8"?>
<!-- Generated by org.testng.reporters.JUnitReportReporter -->
<testsuite hostname="LAPTOP-OJ4Q9LIF" name="testingbaba_test.Link_Test" tests="4" failures="0" timestamp="13 Feb 2022 09:56:50 GMT" time="1.704" errors="0">
  <testcase name="closenewtab" time="0.874" classname="testingbaba_test.Link_Test"/>
  <testcase name="elements" time="0.271" classname="testingbaba_test.Link_Test"/>
  <testcase name="Links" time="0.236" classname="testingbaba_test.Link_Test"/>
  <testcase name="Demopage" time="0.323" classname="testingbaba_test.Link_Test"/>
</testsuite> <!-- testingbaba_test.Link_Test -->
