<?xml version="1.0" encoding="UTF-8"?>
<!-- Generated by org.testng.reporters.JUnitReportReporter -->
<testsuite hostname="LAPTOP-OJ4Q9LIF" name="testingbaba_test.Modaldialogs_test" tests="2" failures="0" timestamp="21 Feb 2022 09:07:28 GMT" time="0.549" errors="0">
  <testcase name="Modalsdialogclick" time="0.280" classname="testingbaba_test.Modaldialogs_test"/>
  <testcase name="Alertsframeclick" time="0.269" classname="testingbaba_test.Modaldialogs_test"/>
</testsuite> <!-- testingbaba_test.Modaldialogs_test -->
