<?xml version="1.0" encoding="UTF-8"?>
<!-- Generated by org.testng.reporters.JUnitReportReporter -->
<testsuite hostname="LAPTOP-OJ4Q9LIF" name="testingbaba_test.Button_test" tests="5" failures="0" timestamp="4 Feb 2022 08:28:27 GMT" time="0.629" errors="0">
  <testcase name="elements" time="0.066" classname="testingbaba_test.Button_test"/>
  <testcase name="Rightclick" time="0.187" classname="testingbaba_test.Button_test"/>
  <testcase name="buttons" time="0.130" classname="testingbaba_test.Button_test"/>
  <testcase name="clickme" time="0.063" classname="testingbaba_test.Button_test"/>
  <testcase name="doubleclick" time="0.183" classname="testingbaba_test.Button_test"/>
</testsuite> <!-- testingbaba_test.Button_test -->
