<?xml version="1.0" encoding="UTF-8"?>
<!-- Generated by org.testng.reporters.JUnitReportReporter -->
<testsuite hostname="LAPTOP-OJ4Q9LIF" name="testingbaba_test.Checkbox_test" tests="3" failures="0" timestamp="13 Feb 2022 08:40:00 GMT" time="1.261" errors="0">
  <testcase name="elements" time="0.522" classname="testingbaba_test.Checkbox_test"/>
  <testcase name="clickonbtn" time="0.519" classname="testingbaba_test.Checkbox_test"/>
  <testcase name="checkbox" time="0.220" classname="testingbaba_test.Checkbox_test"/>
</testsuite> <!-- testingbaba_test.Checkbox_test -->
