<?xml version="1.0" encoding="UTF-8"?>
<!-- Generated by org.testng.reporters.JUnitReportReporter -->
<testsuite hostname="LAPTOP-OJ4Q9LIF" name="testingbaba_test.Upload_downlaod_test" tests="4" failures="0" timestamp="9 Feb 2022 05:17:28 GMT" time="3.033" errors="0">
  <testcase name="elements" time="0.130" classname="testingbaba_test.Upload_downlaod_test"/>
  <testcase name="choosefile" time="0.184" classname="testingbaba_test.Upload_downlaod_test"/>
  <testcase name="uploaddownlaod" time="0.220" classname="testingbaba_test.Upload_downlaod_test"/>
  <testcase name="file" time="2.499" classname="testingbaba_test.Upload_downlaod_test"/>
</testsuite> <!-- testingbaba_test.Upload_downlaod_test -->
